<?xml version="1.0" encoding="UTF-8"?>
<!-- Generated by org.testng.reporters.JUnitXMLReporter -->
<testsuite ignored="0" hostname="PL-IN-PF5JALJ8" failures="1" tests="2" name="API Tests" time="13.854" errors="0" timestamp="2026-05-11T12:32:07 IST">
  <testcase classname="testCases.employeeApiTest" name="testGetUser" time="0.849"/>
  <testcase classname="testCases.employeeApiTest" name="testGetUsers" time="0.82">
    <failure type="java.lang.AssertionError" message="Status code mismatch expected [201] but found [429]">
      <![CDATA[java.lang.AssertionError: Status code mismatch expected [201] but found [429]
at testCases.employeeApiTest.testGetUsers(employeeApiTest.java:38)
at java.base/java.util.ArrayList.forEach(ArrayList.java:1511)
at com.intellij.rt.testng.IDEARemoteTestNG.run(IDEARemoteTestNG.java:65)
at com.intellij.rt.testng.RemoteTestNGStarter.main(RemoteTestNGStarter.java:109)
... Removed 30 stack frames]]>
    </failure>
  </testcase> <!-- testGetUsers -->
</testsuite> <!-- API Tests -->
