<?xml version="1.0" encoding="UTF-8"?>
<testng-results ignored="0" total="1" passed="1" failed="0" skipped="0">
  <reporter-output>
  </reporter-output>
  <suite started-at="2026-05-11T14:30:37 IST" name="Playwright API Test Suite" finished-at="2026-05-11T14:30:51 IST" duration-ms="14224">
    <groups>
    </groups>
    <test started-at="2026-05-11T14:30:37 IST" name="API Tests" finished-at="2026-05-11T14:30:51 IST" duration-ms="14224">
      <class name="testCases.employeeApiTest">
        <test-method is-config="true" signature="setup()[pri:0, instance:testCases.employeeApiTest@2de23121]" started-at="2026-05-11T14:30:37 IST" name="setup" finished-at="2026-05-11T14:30:50 IST" duration-ms="12737" status="PASS">
          <reporter-output>
          </reporter-output>
        </test-method> <!-- setup -->
        <test-method signature="testGetUsers()[pri:0, instance:testCases.employeeApiTest@2de23121]" started-at="2026-05-11T14:30:50 IST" name="testGetUsers" finished-at="2026-05-11T14:30:51 IST" duration-ms="1137" status="PASS">
          <reporter-output>
          </reporter-output>
        </test-method> <!-- testGetUsers -->
        <test-method is-config="true" signature="teardown()[pri:0, instance:testCases.employeeApiTest@2de23121]" started-at="2026-05-11T14:30:51 IST" name="teardown" finished-at="2026-05-11T14:30:51 IST" duration-ms="43" status="PASS">
          <reporter-output>
          </reporter-output>
        </test-method> <!-- teardown -->
      </class> <!-- testCases.employeeApiTest -->
    </test> <!-- API Tests -->
  </suite> <!-- Playwright API Test Suite -->
</testng-results>
